# JRE version: Java(TM) SE Runtime Environment (8.0_101-b13) (build 1.8.0_101-b13)
# Java VM: Java HotSpot(TM) 64-Bit Server VM (25.101-b13 mixed mode linux-amd64 compressed oops)
Heap:
 PSYoungGen      total 528896K, used 125293K [0x000000076ce00000, 0x000000078df00000, 0x00000007c0000000)
  eden space 516096K, 24% used [0x000000076ce00000,0x000000077485b400,0x000000078c600000)
  from space 12800K, 0% used [0x000000078d280000,0x000000078d280000,0x000000078df00000)
  to   space 12800K, 0% used [0x000000078c600000,0x000000078c600000,0x000000078d280000)
 ParOldGen       total 83968K, used 9825K [0x00000006c6a00000, 0x00000006cbc00000, 0x000000076ce00000)
  object space 83968K, 11% used [0x00000006c6a00000,0x00000006c7398680,0x00000006cbc00000)
 Metaspace       used 27081K, capacity 27966K, committed 28336K, reserved 1073152K
  class space    used 3447K, capacity 3641K, committed 3760K, reserved 1048576K
GC Heap History (10 events):
Event: 15,443 GC heap before
{Heap before GC invocations=5 (full 0):
 PSYoungGen      total 139264K, used 139262K [0x000000076ce00000, 0x0000000776000000, 0x00000007c0000000)
  eden space 129024K, 100% used [0x000000076ce00000,0x0000000774c00000,0x0000000774c00000)
  from space 10240K, 99% used [0x0000000775600000,0x0000000775fffb08,0x0000000776000000)
  to   space 10240K, 0% used [0x0000000774c00000,0x0000000774c00000,0x0000000775600000)
 ParOldGen       total 171008K, used 2144K [0x00000006c6a00000, 0x00000006d1100000, 0x000000076ce00000)
  object space 171008K, 1% used [0x00000006c6a00000,0x00000006c6c18128,0x00000006d1100000)
 Metaspace       used 15978K, capacity 16196K, committed 16384K, reserved 1062912K
  class space    used 1913K, capacity 2000K, committed 2048K, reserved 1048576K
Event: 15,473 GC heap after
Heap after GC invocations=5 (full 0):
 PSYoungGen      total 139264K, used 10227K [0x000000076ce00000, 0x000000077e100000, 0x00000007c0000000)
  eden space 129024K, 0% used [0x000000076ce00000,0x000000076ce00000,0x0000000774c00000)
  from space 10240K, 99% used [0x0000000774c00000,0x00000007755fcc90,0x0000000775600000)
  to   space 11776K, 0% used [0x000000077d580000,0x000000077d580000,0x000000077e100000)
 ParOldGen       total 171008K, used 2952K [0x00000006c6a00000, 0x00000006d1100000, 0x000000076ce00000)
  object space 171008K, 1% used [0x00000006c6a00000,0x00000006c6ce2128,0x00000006d1100000)
 Metaspace       used 15978K, capacity 16196K, committed 16384K, reserved 1062912K
  class space    used 1913K, capacity 2000K, committed 2048K, reserved 1048576K
}
Event: 15,784 GC heap before
{Heap before GC invocations=6 (full 0):
 PSYoungGen      total 139264K, used 139251K [0x000000076ce00000, 0x000000077e100000, 0x00000007c0000000)
  eden space 129024K, 100% used [0x000000076ce00000,0x0000000774c00000,0x0000000774c00000)
  from space 10240K, 99% used [0x0000000774c00000,0x00000007755fcc90,0x0000000775600000)
  to   space 11776K, 0% used [0x000000077d580000,0x000000077d580000,0x000000077e100000)
 ParOldGen       total 171008K, used 2952K [0x00000006c6a00000, 0x00000006d1100000, 0x000000076ce00000)
  object space 171008K, 1% used [0x00000006c6a00000,0x00000006c6ce2128,0x00000006d1100000)
 Metaspace       used 16005K, capacity 16260K, committed 16640K, reserved 1064960K
  class space    used 1913K, capacity 2000K, committed 2048K, reserved 1048576K
Event: 15,805 GC heap after
Heap after GC invocations=6 (full 0):
 PSYoungGen      total 269824K, used 10718K [0x000000076ce00000, 0x000000077e100000, 0x00000007c0000000)
  eden space 258048K, 0% used [0x000000076ce00000,0x000000076ce00000,0x000000077ca00000)
  from space 11776K, 91% used [0x000000077d580000,0x000000077dff7b08,0x000000077e100000)
  to   space 11776K, 0% used [0x000000077ca00000,0x000000077ca00000,0x000000077d580000)
 ParOldGen       total 171008K, used 2960K [0x00000006c6a00000, 0x00000006d1100000, 0x000000076ce00000)
  object space 171008K, 1% used [0x00000006c6a00000,0x00000006c6ce4128,0x00000006d1100000)
 Metaspace       used 16005K, capacity 16260K, committed 16640K, reserved 1064960K
  class space    used 1913K, capacity 2000K, committed 2048K, reserved 1048576K
}
Event: 16,257 GC heap before
{Heap before GC invocations=7 (full 0):
 PSYoungGen      total 269824K, used 268766K [0x000000076ce00000, 0x000000077e100000, 0x00000007c0000000)
  eden space 258048K, 100% used [0x000000076ce00000,0x000000077ca00000,0x000000077ca00000)
  from space 11776K, 91% used [0x000000077d580000,0x000000077dff7b08,0x000000077e100000)
  to   space 11776K, 0% used [0x000000077ca00000,0x000000077ca00000,0x000000077d580000)
 ParOldGen       total 171008K, used 2960K [0x00000006c6a00000, 0x00000006d1100000, 0x000000076ce00000)
  object space 171008K, 1% used [0x00000006c6a00000,0x00000006c6ce4128,0x00000006d1100000)
 Metaspace       used 16051K, capacity 16260K, committed 16640K, reserved 1064960K
  class space    used 1915K, capacity 2000K, committed 2048K, reserved 1048576K
Event: 16,285 GC heap after
Heap after GC invocations=7 (full 0):
 PSYoungGen      total 269824K, used 4322K [0x000000076ce00000, 0x000000078df00000, 0x00000007c0000000)
  eden space 258048K, 0% used [0x000000076ce00000,0x000000076ce00000,0x000000077ca00000)
  from space 11776K, 36% used [0x000000077ca00000,0x000000077ce38bb0,0x000000077d580000)
  to   space 12800K, 0% used [0x000000078d280000,0x000000078d280000,0x000000078df00000)
 ParOldGen       total 171008K, used 11692K [0x00000006c6a00000, 0x00000006d1100000, 0x000000076ce00000)
  object space 171008K, 6% used [0x00000006c6a00000,0x00000006c756b288,0x00000006d1100000)
 Metaspace       used 16051K, capacity 16260K, committed 16640K, reserved 1064960K
  class space    used 1915K, capacity 2000K, committed 2048K, reserved 1048576K
}
Event: 21,374 GC heap before
{Heap before GC invocations=8 (full 0):
 PSYoungGen      total 269824K, used 58659K [0x000000076ce00000, 0x000000078df00000, 0x00000007c0000000)
  eden space 258048K, 21% used [0x000000076ce00000,0x00000007703102f0,0x000000077ca00000)
  from space 11776K, 36% used [0x000000077ca00000,0x000000077ce38bb0,0x000000077d580000)
  to   space 12800K, 0% used [0x000000078d280000,0x000000078d280000,0x000000078df00000)
 ParOldGen       total 171008K, used 11692K [0x00000006c6a00000, 0x00000006d1100000, 0x000000076ce00000)
  object space 171008K, 6% used [0x00000006c6a00000,0x00000006c756b288,0x00000006d1100000)
 Metaspace       used 20856K, capacity 21044K, committed 21296K, reserved 1069056K
  class space    used 2529K, capacity 2584K, committed 2608K, reserved 1048576K
Event: 21,387 GC heap after
Heap after GC invocations=8 (full 0):
 PSYoungGen      total 528896K, used 9013K [0x000000076ce00000, 0x000000078df00000, 0x00000007c0000000)
  eden space 516096K, 0% used [0x000000076ce00000,0x000000076ce00000,0x000000078c600000)
  from space 12800K, 70% used [0x000000078d280000,0x000000078db4d538,0x000000078df00000)
  to   space 12800K, 0% used [0x000000078c600000,0x000000078c600000,0x000000078d280000)
 ParOldGen       total 171008K, used 12332K [0x00000006c6a00000, 0x00000006d1100000, 0x000000076ce00000)
  object space 171008K, 7% used [0x00000006c6a00000,0x00000006c760b298,0x00000006d1100000)
 Metaspace       used 20856K, capacity 21044K, committed 21296K, reserved 1069056K
  class space    used 2529K, capacity 2584K, committed 2608K, reserved 1048576K
}
Event: 21,387 GC heap before
{Heap before GC invocations=9 (full 1):
 PSYoungGen      total 528896K, used 9013K [0x000000076ce00000, 0x000000078df00000, 0x00000007c0000000)
  eden space 516096K, 0% used [0x000000076ce00000,0x000000076ce00000,0x000000078c600000)
  from space 12800K, 70% used [0x000000078d280000,0x000000078db4d538,0x000000078df00000)
  to   space 12800K, 0% used [0x000000078c600000,0x000000078c600000,0x000000078d280000)
 ParOldGen       total 171008K, used 12332K [0x00000006c6a00000, 0x00000006d1100000, 0x000000076ce00000)
  object space 171008K, 7% used [0x00000006c6a00000,0x00000006c760b298,0x00000006d1100000)
 Metaspace       used 20856K, capacity 21044K, committed 21296K, reserved 1069056K
  class space    used 2529K, capacity 2584K, committed 2608K, reserved 1048576K
Event: 21,448 GC heap after
Heap after GC invocations=9 (full 1):
 PSYoungGen      total 528896K, used 0K [0x000000076ce00000, 0x000000078df00000, 0x00000007c0000000)
  eden space 516096K, 0% used [0x000000076ce00000,0x000000076ce00000,0x000000078c600000)
  from space 12800K, 0% used [0x000000078d280000,0x000000078d280000,0x000000078df00000)
  to   space 12800K, 0% used [0x000000078c600000,0x000000078c600000,0x000000078d280000)
 ParOldGen       total 83968K, used 9825K [0x00000006c6a00000, 0x00000006cbc00000, 0x000000076ce00000)
  object space 83968K, 11% used [0x00000006c6a00000,0x00000006c7398680,0x00000006cbc00000)
 Metaspace       used 20856K, capacity 21044K, committed 21296K, reserved 1069056K
  class space    used 2529K, capacity 2584K, committed 2608K, reserved 1048576K
}

